#
# A fatal error has been detected by the Java Runtime Environment:
#
#  SIGSEGV (0xb) at pc=0x0287a54f, pid=13425, tid=3040017264
#
# JRE version: 6.0_23-b23
# Java VM: OpenJDK Client VM (20.0-b11 mixed mode, sharing linux-x86 )
# Derivative: IcedTea6 1.11pre
# Distribution: Ubuntu 11.10, package 6b23~pre11-0ubuntu1.11.10.2
# Problematic frame:
# C  [libwebkitgtk-1.0.so.0+0x10d554f]  WTF::CString::mutableData()+0x226f
#
# If you would like to submit a bug report, please include
# instructions how to reproduce the bug and visit:
#   https://bugs.launchpad.net/ubuntu/+source/openjdk-6/
#

---------------  T H R E A D  ---------------

Current thread (0x08c5d800):  VMThread [stack: 0xb52af000,0xb5330000] [id=13431]

siginfo:si_signo=SIGSEGV: si_errno=0, si_code=1 (SEGV_MAPERR), si_addr=0xbbadbeef

Registers:
EAX=0x00000000, EBX=0x02c9eff4, ECX=0xb532eee8, EDX=0x00000000
ESP=0xb532eed0, EBP=0x00000000, ESI=0xb1aa5360, EDI=0xb15cc870
EIP=0x0287a54f, EFLAGS=0x00010246, CR2=0xbbadbeef

Top of Stack: (sp=0xb532eed0)
0xb532eed0:   b532eee8 b15cc870 b532eefc 01c2b8ec
0xb532eee0:   b1ab0006 b357f7b0 00000000 00000000
0xb532eef0:   b1aab480 b34ef200 b357f6c0 b1aa5360
0xb532ef00:   b34efc00 b34cdaf8 b3499888 02c9eff4
0xb532ef10:   b1aa5360 00000036 b351b300 0194aa85
0xb532ef20:   b1aa5360 b34ea200 00000040 01e73967
0xb532ef30:   b34ea000 b34ea1b4 02c9eff4 00000040
0xb532ef40:   b349f688 b3499888 01e71809 02c9eff4 

Instructions: (pc=0x0287a54f)
0x0287a52f:   ff 8b 06 e9 15 ff ff ff 90 8b 46 08 89 04 24 e8
0x0287a53f:   4d 3b ff ff e9 26 ff ff ff e8 63 5a fe ff 31 c0
0x0287a54f:   c7 05 ef be ad bb 00 00 00 00 ff d0 8b 06 e9 ee
0x0287a55f:   fe ff ff 8d b6 00 00 00 00 c7 04 24 18 00 00 00 

Register to memory mapping:

EAX=
[error occurred during error reporting (printing register info), id 0xb]

Stack: [0xb52af000,0xb5330000],  sp=0xb532eed0,  free space=511k
Native frames: (J=compiled Java code, j=interpreted, Vv=VM code, C=native code)
C  [libwebkitgtk-1.0.so.0+0x10d554f]  WTF::CString::mutableData()+0x226f

[error occurred during error reporting (printing native stack), id 0xb]

VM_Operation (0xb2b53b84): Exit, mode: safepoint, requested by thread 0x08f3f800


---------------  P R O C E S S  ---------------

Java Threads: ( => current thread )
  0x08f3f800 JavaThread "SIGTERM handler" daemon [_thread_blocked, id=13476, stack(0xb2b04000,0xb2b55000)]
  0x08c6b800 JavaThread "Low Memory Detector" daemon [_thread_blocked, id=13436, stack(0xb4ea9000,0xb4efa000)]
  0x08c69800 JavaThread "C1 CompilerThread0" daemon [_thread_blocked, id=13435, stack(0xb4efa000,0xb4f7b000)]
  0x08c68000 JavaThread "Signal Dispatcher" daemon [_thread_blocked, id=13434, stack(0xb4f7b000,0xb4fcc000)]
  0x08c64000 JavaThread "Finalizer" daemon [_thread_blocked, id=13433, stack(0xb520d000,0xb525e000)]
  0x08c5f400 JavaThread "Reference Handler" daemon [_thread_blocked, id=13432, stack(0xb525e000,0xb52af000)]
  0x08c31400 JavaThread "main" [_thread_in_native, id=13430, stack(0xb7772000,0xb77c3000)]

Other Threads:
=>0x08c5d800 VMThread [stack: 0xb52af000,0xb5330000] [id=13431]

VM state:at safepoint (shutting down)

VM Mutex/Monitor currently owned by a thread:  ([mutex/lock_event])
[0x08c2efb8] Threads_lock - owner thread: 0x08c5d800

Heap
 def new generation   total 4928K, used 1829K [0x6f820000, 0x6fd70000, 0x7a2c0000)
  eden space 4416K,  35% used [0x6f820000, 0x6f9a5a58, 0x6fc70000)
  from space 512K,  52% used [0x6fc70000, 0x6fcb3d38, 0x6fcf0000)
  to   space 512K,   0% used [0x6fcf0000, 0x6fcf0000, 0x6fd70000)
 tenured generation   total 10944K, used 0K [0x7a2c0000, 0x7ad70000, 0x8f820000)
   the space 10944K,   0% used [0x7a2c0000, 0x7a2c0000, 0x7a2c0200, 0x7ad70000)
 compacting perm gen  total 12288K, used 2073K [0x8f820000, 0x90420000, 0x93820000)
   the space 12288K,  16% used [0x8f820000, 0x8fa26760, 0x8fa26800, 0x90420000)
    ro space 10240K,  73% used [0x93820000, 0x93f806b0, 0x93f80800, 0x94220000)
    rw space 12288K,  60% used [0x94220000, 0x94969f80, 0x9496a000, 0x94e20000)

Code Cache  [0xb5772000, 0xb5812000, 0xb7772000)
 total_blobs=255 nmethods=106 adapters=85 free_code_cache=32915904 largest_free_block=64

Dynamic libraries:
00110000-0012c000 r-xp 00000000 08:04 1573819    /lib/i386-linux-gnu/libgcc_s.so.1
0012c000-0012d000 r--p 0001b000 08:04 1573819    /lib/i386-linux-gnu/libgcc_s.so.1
0012d000-0012e000 rw-p 0001c000 08:04 1573819    /lib/i386-linux-gnu/libgcc_s.so.1
0012e000-00135000 r-xp 00000000 08:04 1577211    /lib/i386-linux-gnu/librt-2.13.so
00135000-00136000 r--p 00006000 08:04 1577211    /lib/i386-linux-gnu/librt-2.13.so
00136000-00137000 rw-p 00007000 08:04 1577211    /lib/i386-linux-gnu/librt-2.13.so
00137000-0013a000 r-xp 00000000 08:04 940050     /home/gunaprsd/.swt/lib/linux/x86/libswt-gtk-3740.so
0013a000-0013b000 rw-p 00002000 08:04 940050     /home/gunaprsd/.swt/lib/linux/x86/libswt-gtk-3740.so
0013b000-0013c000 rw-p 00000000 00:00 0 
0013c000-00164000 r-xp 00000000 08:04 1573018    /lib/i386-linux-gnu/libm-2.13.so
00164000-00165000 r--p 00028000 08:04 1573018    /lib/i386-linux-gnu/libm-2.13.so
00165000-00166000 rw-p 00029000 08:04 1573018    /lib/i386-linux-gnu/libm-2.13.so
00166000-0017b000 r-xp 00000000 08:04 1573020    /lib/i386-linux-gnu/libnsl-2.13.so
0017b000-0017c000 r--p 00015000 08:04 1573020    /lib/i386-linux-gnu/libnsl-2.13.so
0017c000-0017d000 rw-p 00016000 08:04 1573020    /lib/i386-linux-gnu/libnsl-2.13.so
0017d000-0017f000 rw-p 00000000 00:00 0 
0017f000-00186000 r-xp 00000000 08:04 281981     /usr/lib/jvm/java-6-openjdk/jre/lib/i386/libzip.so
00186000-00187000 r--p 00006000 08:04 281981     /usr/lib/jvm/java-6-openjdk/jre/lib/i386/libzip.so
00187000-00188000 rw-p 00007000 08:04 281981     /usr/lib/jvm/java-6-openjdk/jre/lib/i386/libzip.so
00188000-00189000 rwxp 00000000 00:00 0 
0018a000-001a8000 r-xp 00000000 08:04 1573011    /lib/i386-linux-gnu/ld-2.13.so
001a8000-001a9000 r--p 0001d000 08:04 1573011    /lib/i386-linux-gnu/ld-2.13.so
001a9000-001aa000 rw-p 0001e000 08:04 1573011    /lib/i386-linux-gnu/ld-2.13.so
001aa000-00322000 r-xp 00000000 08:04 1573014    /lib/i386-linux-gnu/libc-2.13.so
00322000-00324000 r--p 00178000 08:04 1573014    /lib/i386-linux-gnu/libc-2.13.so
00324000-00325000 rw-p 0017a000 08:04 1573014    /lib/i386-linux-gnu/libc-2.13.so
00325000-00328000 rw-p 00000000 00:00 0 
00328000-00406000 r-xp 00000000 08:04 267644     /usr/lib/i386-linux-gnu/libstdc++.so.6.0.16
00406000-00407000 ---p 000de000 08:04 267644     /usr/lib/i386-linux-gnu/libstdc++.so.6.0.16
00407000-0040b000 r--p 000de000 08:04 267644     /usr/lib/i386-linux-gnu/libstdc++.so.6.0.16
0040b000-0040c000 rw-p 000e2000 08:04 267644     /usr/lib/i386-linux-gnu/libstdc++.so.6.0.16
0040c000-00413000 rw-p 00000000 00:00 0 
00413000-0041d000 r-xp 00000000 08:04 1573870    /lib/i386-linux-gnu/libnss_nis-2.13.so
0041d000-0041e000 r--p 00009000 08:04 1573870    /lib/i386-linux-gnu/libnss_nis-2.13.so
0041e000-0041f000 rw-p 0000a000 08:04 1573870    /lib/i386-linux-gnu/libnss_nis-2.13.so
0041f000-0042a000 r-xp 00000000 08:04 1573023    /lib/i386-linux-gnu/libnss_files-2.13.so
0042a000-0042b000 r--p 0000a000 08:04 1573023    /lib/i386-linux-gnu/libnss_files-2.13.so
0042b000-0042c000 rw-p 0000b000 08:04 1573023    /lib/i386-linux-gnu/libnss_files-2.13.so
0042c000-00487000 r-xp 00000000 08:04 940051     /home/gunaprsd/.swt/lib/linux/x86/libswt-pi-gtk-3740.so
00487000-00489000 rw-p 0005a000 08:04 940051     /home/gunaprsd/.swt/lib/linux/x86/libswt-pi-gtk-3740.so
00489000-0048a000 rw-p 00000000 00:00 0 
0048a000-005bb000 r-xp 00000000 08:04 267379     /usr/lib/i386-linux-gnu/libX11.so.6.3.0
005bb000-005bc000 ---p 00131000 08:04 267379     /usr/lib/i386-linux-gnu/libX11.so.6.3.0
005bc000-005bd000 r--p 00131000 08:04 267379     /usr/lib/i386-linux-gnu/libX11.so.6.3.0
005bd000-005bf000 rw-p 00132000 08:04 267379     /usr/lib/i386-linux-gnu/libX11.so.6.3.0
005bf000-005c0000 rw-p 00000000 00:00 0 
005c0000-005c4000 r-xp 00000000 08:04 267393     /usr/lib/i386-linux-gnu/libXfixes.so.3.1.0
005c4000-005c5000 r--p 00003000 08:04 267393     /usr/lib/i386-linux-gnu/libXfixes.so.3.1.0
005c5000-005c6000 rw-p 00004000 08:04 267393     /usr/lib/i386-linux-gnu/libXfixes.so.3.1.0
005c6000-005e4000 r-xp 00000000 08:04 267495     /usr/lib/i386-linux-gnu/libgdk_pixbuf-2.0.so.0.2400.0
005e4000-005e5000 r--p 0001d000 08:04 267495     /usr/lib/i386-linux-gnu/libgdk_pixbuf-2.0.so.0.2400.0
005e5000-005e6000 rw-p 0001e000 08:04 267495     /usr/lib/i386-linux-gnu/libgdk_pixbuf-2.0.so.0.2400.0
005e6000-005e9000 r-xp 00000000 08:04 267503     /usr/lib/i386-linux-gnu/libgmodule-2.0.so.0.3000.0
005e9000-005ea000 r--p 00002000 08:04 267503     /usr/lib/i386-linux-gnu/libgmodule-2.0.so.0.3000.0
005ea000-005eb000 rw-p 00003000 08:04 267503     /usr/lib/i386-linux-gnu/libgmodule-2.0.so.0.3000.0
005eb000-005fc000 r-xp 00000000 08:04 267391     /usr/lib/i386-linux-gnu/libXext.so.6.4.0
005fc000-005fd000 r--p 00010000 08:04 267391     /usr/lib/i386-linux-gnu/libXext.so.6.4.0
005fd000-005fe000 rw-p 00011000 08:04 267391     /usr/lib/i386-linux-gnu/libXext.so.6.4.0
005fe000-00607000 r-xp 00000000 08:04 267403     /usr/lib/i386-linux-gnu/libXrender.so.1.3.0
00607000-00608000 r--p 00008000 08:04 267403     /usr/lib/i386-linux-gnu/libXrender.so.1.3.0
00608000-00609000 rw-p 00009000 08:04 267403     /usr/lib/i386-linux-gnu/libXrender.so.1.3.0
00609000-0060b000 r-xp 00000000 08:04 267399     /usr/lib/i386-linux-gnu/libXinerama.so.1.0.0
0060b000-0060c000 r--p 00001000 08:04 267399     /usr/lib/i386-linux-gnu/libXinerama.so.1.0.0
0060c000-0060d000 rw-p 00002000 08:04 267399     /usr/lib/i386-linux-gnu/libXinerama.so.1.0.0
0060d000-0060f000 r-xp 00000000 08:04 267383     /usr/lib/i386-linux-gnu/libXcomposite.so.1.0.0
0060f000-00610000 r--p 00001000 08:04 267383     /usr/lib/i386-linux-gnu/libXcomposite.so.1.0.0
00610000-00611000 rw-p 00002000 08:04 267383     /usr/lib/i386-linux-gnu/libXcomposite.so.1.0.0
00613000-00616000 r-xp 00000000 08:04 1573017    /lib/i386-linux-gnu/libdl-2.13.so
00616000-00617000 r--p 00002000 08:04 1573017    /lib/i386-linux-gnu/libdl-2.13.so
00617000-00618000 rw-p 00003000 08:04 1573017    /lib/i386-linux-gnu/libdl-2.13.so
00618000-006df000 r-xp 00000000 08:04 267443     /usr/lib/i386-linux-gnu/libcairo.so.2.11000.2
006df000-006e0000 r--p 000c7000 08:04 267443     /usr/lib/i386-linux-gnu/libcairo.so.2.11000.2
006e0000-006e1000 rw-p 000c8000 08:04 267443     /usr/lib/i386-linux-gnu/libcairo.so.2.11000.2
006e1000-006e3000 rw-p 00000000 00:00 0 
006e3000-00825000 r-xp 00000000 08:04 267499     /usr/lib/i386-linux-gnu/libgio-2.0.so.0.3000.0
00825000-00827000 r--p 00142000 08:04 267499     /usr/lib/i386-linux-gnu/libgio-2.0.so.0.3000.0
00827000-00828000 rw-p 00144000 08:04 267499     /usr/lib/i386-linux-gnu/libgio-2.0.so.0.3000.0
00828000-00829000 rw-p 00000000 00:00 0 
00829000-00870000 r-xp 00000000 08:04 267583     /usr/lib/i386-linux-gnu/libpango-1.0.so.0.2903.0
00870000-00871000 r--p 00047000 08:04 267583     /usr/lib/i386-linux-gnu/libpango-1.0.so.0.2903.0
00871000-00872000 rw-p 00048000 08:04 267583     /usr/lib/i386-linux-gnu/libpango-1.0.so.0.2903.0
00872000-00880000 r-xp 00000000 08:04 263181     /usr/lib/i386-linux-gnu/libXi.so.6.1.0
00880000-00881000 r--p 0000d000 08:04 263181     /usr/lib/i386-linux-gnu/libXi.so.6.1.0
00881000-00882000 rw-p 0000e000 08:04 263181     /usr/lib/i386-linux-gnu/libXi.so.6.1.0
00882000-00889000 r-xp 00000000 08:04 267401     /usr/lib/i386-linux-gnu/libXrandr.so.2.2.0
00889000-0088a000 r--p 00006000 08:04 267401     /usr/lib/i386-linux-gnu/libXrandr.so.2.2.0
0088a000-0088b000 rw-p 00007000 08:04 267401     /usr/lib/i386-linux-gnu/libXrandr.so.2.2.0
0088b000-00894000 r-xp 00000000 08:04 267385     /usr/lib/i386-linux-gnu/libXcursor.so.1.0.2
00894000-00895000 r--p 00008000 08:04 267385     /usr/lib/i386-linux-gnu/libXcursor.so.1.0.2
00895000-00896000 rw-p 00009000 08:04 267385     /usr/lib/i386-linux-gnu/libXcursor.so.1.0.2
00896000-00898000 r-xp 00000000 08:04 267387     /usr/lib/i386-linux-gnu/libXdamage.so.1.1.0
00898000-00899000 r--p 00001000 08:04 267387     /usr/lib/i386-linux-gnu/libXdamage.so.1.1.0
00899000-0089a000 rw-p 00002000 08:04 267387     /usr/lib/i386-linux-gnu/libXdamage.so.1.1.0
0089b000-00946000 r-xp 00000000 08:04 267493     /usr/lib/i386-linux-gnu/libgdk-x11-2.0.so.0.2400.6
00946000-00948000 r--p 000ab000 08:04 267493     /usr/lib/i386-linux-gnu/libgdk-x11-2.0.so.0.2400.6
00948000-00949000 rw-p 000ad000 08:04 267493     /usr/lib/i386-linux-gnu/libgdk-x11-2.0.so.0.2400.6
00949000-0097b000 r-xp 00000000 08:04 267482     /usr/lib/i386-linux-gnu/libfontconfig.so.1.4.4
0097b000-0097c000 ---p 00032000 08:04 267482     /usr/lib/i386-linux-gnu/libfontconfig.so.1.4.4
0097c000-0097d000 r--p 00032000 08:04 267482     /usr/lib/i386-linux-gnu/libfontconfig.so.1.4.4
0097d000-0097e000 rw-p 00033000 08:04 267482     /usr/lib/i386-linux-gnu/libfontconfig.so.1.4.4
0097e000-0099b000 r-xp 00000000 08:04 267677     /usr/lib/i386-linux-gnu/libxcb.so.1.1.0
0099b000-0099c000 r--p 0001c000 08:04 267677     /usr/lib/i386-linux-gnu/libxcb.so.1.1.0
0099c000-0099d000 rw-p 0001d000 08:04 267677     /usr/lib/i386-linux-gnu/libxcb.so.1.1.0
0099d000-0099f000 r-xp 00000000 08:04 267675     /usr/lib/i386-linux-gnu/libxcb-shm.so.0.0.0
0099f000-009a0000 r--p 00001000 08:04 267675     /usr/lib/i386-linux-gnu/libxcb-shm.so.0.0.0
009a0000-009a1000 rw-p 00002000 08:04 267675     /usr/lib/i386-linux-gnu/libxcb-shm.so.0.0.0
009a1000-009a9000 r-xp 00000000 08:04 267671     /usr/lib/i386-linux-gnu/libxcb-render.so.0.0.0
009a9000-009aa000 r--p 00007000 08:04 267671     /usr/lib/i386-linux-gnu/libxcb-render.so.0.0.0
009aa000-009ab000 rw-p 00008000 08:04 267671     /usr/lib/i386-linux-gnu/libxcb-render.so.0.0.0
009ab000-009ad000 r-xp 00000000 08:04 267381     /usr/lib/i386-linux-gnu/libXau.so.6.0.0
009ad000-009ae000 r--p 00001000 08:04 267381     /usr/lib/i386-linux-gnu/libXau.so.6.0.0
009ae000-009af000 rw-p 00002000 08:04 267381     /usr/lib/i386-linux-gnu/libXau.so.6.0.0
009b0000-009c3000 r-xp 00000000 08:04 1573881    /lib/i386-linux-gnu/libz.so.1.2.3.4
009c3000-009c4000 r--p 00012000 08:04 1573881    /lib/i386-linux-gnu/libz.so.1.2.3.4
009c4000-009c5000 rw-p 00013000 08:04 1573881    /lib/i386-linux-gnu/libz.so.1.2.3.4
009c5000-00a12000 r-xp 00000000 08:04 267511     /usr/lib/i386-linux-gnu/libgobject-2.0.so.0.3000.0
00a12000-00a13000 r--p 0004d000 08:04 267511     /usr/lib/i386-linux-gnu/libgobject-2.0.so.0.3000.0
00a13000-00a14000 rw-p 0004e000 08:04 267511     /usr/lib/i386-linux-gnu/libgobject-2.0.so.0.3000.0
00a14000-00a3c000 r-xp 00000000 08:04 1573820    /lib/i386-linux-gnu/libpng12.so.0.46.0
00a3c000-00a3d000 r--p 00027000 08:04 1573820    /lib/i386-linux-gnu/libpng12.so.0.46.0
00a3d000-00a3e000 rw-p 00028000 08:04 1573820    /lib/i386-linux-gnu/libpng12.so.0.46.0
00a3e000-00a43000 r-xp 00000000 08:04 267480     /usr/lib/i386-linux-gnu/libffi.so.6.0.0
00a43000-00a44000 r--p 00004000 08:04 267480     /usr/lib/i386-linux-gnu/libffi.so.6.0.0
00a44000-00a45000 rw-p 00005000 08:04 267480     /usr/lib/i386-linux-gnu/libffi.so.6.0.0
00a45000-00a4a000 r-xp 00000000 08:04 267389     /usr/lib/i386-linux-gnu/libXdmcp.so.6.0.0
00a4a000-00a4b000 r--p 00004000 08:04 267389     /usr/lib/i386-linux-gnu/libXdmcp.so.6.0.0
00a4b000-00a4c000 rw-p 00005000 08:04 267389     /usr/lib/i386-linux-gnu/libXdmcp.so.6.0.0
00a4c000-00a51000 r-xp 00000000 08:04 265301     /usr/lib/gtk-2.0/modules/libcanberra-gtk-module.so
00a51000-00a52000 r--p 00004000 08:04 265301     /usr/lib/gtk-2.0/modules/libcanberra-gtk-module.so
00a52000-00a53000 rw-p 00005000 08:04 265301     /usr/lib/gtk-2.0/modules/libcanberra-gtk-module.so
00a53000-00a5e000 r-xp 00000000 08:04 267585     /usr/lib/i386-linux-gnu/libpangocairo-1.0.so.0.2903.0
00a5e000-00a5f000 r--p 0000a000 08:04 267585     /usr/lib/i386-linux-gnu/libpangocairo-1.0.so.0.2903.0
00a5f000-00a60000 rw-p 0000b000 08:04 267585     /usr/lib/i386-linux-gnu/libpangocairo-1.0.so.0.2903.0
00a60000-00a73000 r-xp 00000000 08:04 1573929    /lib/i386-linux-gnu/libresolv-2.13.so
00a73000-00a74000 r--p 00012000 08:04 1573929    /lib/i386-linux-gnu/libresolv-2.13.so
00a74000-00a75000 rw-p 00013000 08:04 1573929    /lib/i386-linux-gnu/libresolv-2.13.so
00a75000-00a77000 rw-p 00000000 00:00 0 
00a77000-00a7b000 rwxp 00000000 00:00 0 
00a7b000-00a86000 r-xp 00000000 08:04 281980     /usr/lib/jvm/java-6-openjdk/jre/lib/i386/libverify.so
00a86000-00a87000 ---p 0000b000 08:04 281980     /usr/lib/jvm/java-6-openjdk/jre/lib/i386/libverify.so
00a87000-00a88000 r--p 0000b000 08:04 281980     /usr/lib/jvm/java-6-openjdk/jre/lib/i386/libverify.so
00a88000-00a89000 rw-p 0000c000 08:04 281980     /usr/lib/jvm/java-6-openjdk/jre/lib/i386/libverify.so
00a89000-00b1b000 r-xp 00000000 08:04 264259     /usr/lib/i386-linux-gnu/libfreetype.so.6.6.2
00b1b000-00b1f000 r--p 00091000 08:04 264259     /usr/lib/i386-linux-gnu/libfreetype.so.6.6.2
00b1f000-00b20000 rw-p 00095000 08:04 264259     /usr/lib/i386-linux-gnu/libfreetype.so.6.6.2
00b20000-00b3c000 r-xp 00000000 08:04 1573864    /lib/i386-linux-gnu/libselinux.so.1
00b3c000-00b3d000 r--p 0001b000 08:04 1573864    /lib/i386-linux-gnu/libselinux.so.1
00b3d000-00b3e000 rw-p 0001c000 08:04 1573864    /lib/i386-linux-gnu/libselinux.so.1
00b3e000-00b4c000 r-xp 00000000 08:04 265468     /usr/lib/liboverlay-scrollbar-0.2.so.0.0.11
00b4c000-00b4d000 r--p 0000d000 08:04 265468     /usr/lib/liboverlay-scrollbar-0.2.so.0.0.11
00b4d000-00b4e000 rw-p 0000e000 08:04 265468     /usr/lib/liboverlay-scrollbar-0.2.so.0.0.11
00b4e000-00b52000 r-xp 00000000 08:04 262950     /usr/lib/libcanberra-gtk.so.0.1.8
00b52000-00b53000 r--p 00003000 08:04 262950     /usr/lib/libcanberra-gtk.so.0.1.8
00b53000-00b54000 rw-p 00004000 08:04 262950     /usr/lib/libcanberra-gtk.so.0.1.8
00b54000-00b5c000 r-xp 00000000 08:04 264399     /usr/lib/i386-linux-gnu/libvorbisfile.so.3.3.4
00b5c000-00b5d000 r--p 00007000 08:04 264399     /usr/lib/i386-linux-gnu/libvorbisfile.so.3.3.4
00b5d000-00b5e000 rw-p 00008000 08:04 264399     /usr/lib/i386-linux-gnu/libvorbisfile.so.3.3.4
00b60000-00b64000 r-xp 00000000 08:04 267517     /usr/lib/i386-linux-gnu/libgthread-2.0.so.0.3000.0
00b64000-00b65000 r--p 00003000 08:04 267517     /usr/lib/i386-linux-gnu/libgthread-2.0.so.0.3000.0
00b65000-00b66000 rw-p 00004000 08:04 267517     /usr/lib/i386-linux-gnu/libgthread-2.0.so.0.3000.0
00b66000-00b75000 r-xp 00000000 08:04 262944     /usr/lib/libcanberra.so.0.2.5
00b75000-00b76000 r--p 0000e000 08:04 262944     /usr/lib/libcanberra.so.0.2.5
00b76000-00b77000 rw-p 0000f000 08:04 262944     /usr/lib/libcanberra.so.0.2.5
00b77000-00b7f000 r-xp 00000000 08:04 265376     /usr/lib/libltdl.so.7.3.0
00b7f000-00b80000 r--p 00008000 08:04 265376     /usr/lib/libltdl.so.7.3.0
00b80000-00b81000 rw-p 00009000 08:04 265376     /usr/lib/libltdl.so.7.3.0
00b83000-00ba0000 r-xp 00000000 08:04 267417     /usr/lib/i386-linux-gnu/libatk-1.0.so.0.20209.1
00ba0000-00ba2000 r--p 0001c000 08:04 267417     /usr/lib/i386-linux-gnu/libatk-1.0.so.0.20209.1
00ba2000-00ba3000 rw-p 0001e000 08:04 267417     /usr/lib/i386-linux-gnu/libatk-1.0.so.0.20209.1
00ba3000-00bc9000 r-xp 00000000 08:04 1573814    /lib/i386-linux-gnu/libexpat.so.1.5.2
00bc9000-00bca000 ---p 00026000 08:04 1573814    /lib/i386-linux-gnu/libexpat.so.1.5.2
00bca000-00bcc000 r--p 00026000 08:04 1573814    /lib/i386-linux-gnu/libexpat.so.1.5.2
00bcc000-00bcd000 rw-p 00028000 08:04 1573814    /lib/i386-linux-gnu/libexpat.so.1.5.2
00bcd000-00c0a000 r-xp 00000000 08:04 1573855    /lib/i386-linux-gnu/libpcre.so.3.12.1
00c0a000-00c0b000 r--p 0003c000 08:04 1573855    /lib/i386-linux-gnu/libpcre.so.3.12.1
00c0b000-00c0c000 rw-p 0003d000 08:04 1573855    /lib/i386-linux-gnu/libpcre.so.3.12.1
00c0c000-00c0d000 r-xp 00000000 08:04 268092     /usr/lib/i386-linux-gnu/pango/1.6.0/modules/pango-indic-lang.so
00c0d000-00c0e000 r--p 00001000 08:04 268092     /usr/lib/i386-linux-gnu/pango/1.6.0/modules/pango-indic-lang.so
00c0e000-00c0f000 rw-p 00002000 08:04 268092     /usr/lib/i386-linux-gnu/pango/1.6.0/modules/pango-indic-lang.so
00c0f000-00c14000 r-xp 00000000 08:04 264941     /usr/lib/libXtst.so.6.1.0
00c14000-00c15000 r--p 00004000 08:04 264941     /usr/lib/libXtst.so.6.1.0
00c15000-00c16000 rw-p 00005000 08:04 264941     /usr/lib/libXtst.so.6.1.0
00c16000-00c27000 r-xp 00000000 08:04 267650     /usr/lib/i386-linux-gnu/libtdb.so.1.2.9
00c27000-00c28000 r--p 00010000 08:04 267650     /usr/lib/i386-linux-gnu/libtdb.so.1.2.9
00c28000-00c29000 rw-p 00011000 08:04 267650     /usr/lib/i386-linux-gnu/libtdb.so.1.2.9
00c29000-00c52000 r-xp 00000000 08:04 264403     /usr/lib/i386-linux-gnu/libvorbis.so.0.4.5
00c52000-00c53000 r--p 00028000 08:04 264403     /usr/lib/i386-linux-gnu/libvorbis.so.0.4.5
00c53000-00c54000 rw-p 00029000 08:04 264403     /usr/lib/i386-linux-gnu/libvorbis.so.0.4.5
00c54000-00c56000 r-xp 00000000 08:04 268087     /usr/lib/i386-linux-gnu/pango/1.6.0/modules/pango-basic-fc.so
00c56000-00c57000 r--p 00001000 08:04 268087     /usr/lib/i386-linux-gnu/pango/1.6.0/modules/pango-basic-fc.so
00c57000-00c58000 rw-p 00002000 08:04 268087     /usr/lib/i386-linux-gnu/pango/1.6.0/modules/pango-basic-fc.so
00c59000-00c84000 r-xp 00000000 08:04 267587     /usr/lib/i386-linux-gnu/libpangoft2-1.0.so.0.2903.0
00c84000-00c85000 r--p 0002a000 08:04 267587     /usr/lib/i386-linux-gnu/libpangoft2-1.0.so.0.2903.0
00c85000-00c86000 rw-p 0002b000 08:04 267587     /usr/lib/i386-linux-gnu/libpangoft2-1.0.so.0.2903.0
00c86000-00c8c000 r-xp 00000000 08:04 267581     /usr/lib/i386-linux-gnu/libogg.so.0.7.1
00c8c000-00c8d000 r--p 00005000 08:04 267581     /usr/lib/i386-linux-gnu/libogg.so.0.7.1
00c8d000-00c8e000 rw-p 00006000 08:04 267581     /usr/lib/i386-linux-gnu/libogg.so.0.7.1
00c8e000-00c96000 r-xp 00000000 08:04 940241     /home/gunaprsd/.swt/lib/linux/x86/libswt-webkit-gtk-3740.so
00c96000-00c97000 rw-p 00007000 08:04 940241     /home/gunaprsd/.swt/lib/linux/x86/libswt-webkit-gtk-3740.so
00c97000-00c99000 r-xp 00000000 08:04 266410     /usr/lib/enchant/libenchant_aspell.so
00c99000-00c9a000 r--p 00001000 08:04 266410     /usr/lib/enchant/libenchant_aspell.so
00c9a000-00c9b000 rw-p 00002000 08:04 266410     /usr/lib/enchant/libenchant_aspell.so
00c9c000-00ca4000 r-xp 00000000 08:04 1573021    /lib/i386-linux-gnu/libnss_compat-2.13.so
00ca4000-00ca5000 r--p 00007000 08:04 1573021    /lib/i386-linux-gnu/libnss_compat-2.13.so
00ca5000-00ca6000 rw-p 00008000 08:04 1573021    /lib/i386-linux-gnu/libnss_compat-2.13.so
00ca6000-00cb0000 r-xp 00000000 08:04 265083     /usr/lib/libenchant.so.1.6.0
00cb0000-00cb1000 r--p 00009000 08:04 265083     /usr/lib/libenchant.so.1.6.0
00cb1000-00cb2000 rw-p 0000a000 08:04 265083     /usr/lib/libenchant.so.1.6.0
00cb2000-00cb8000 r-xp 00000000 08:04 267487     /usr/lib/i386-linux-gnu/libgailutil.so.18.0.1
00cb8000-00cb9000 r--p 00005000 08:04 267487     /usr/lib/i386-linux-gnu/libgailutil.so.18.0.1
00cb9000-00cba000 rw-p 00006000 08:04 267487     /usr/lib/i386-linux-gnu/libgailutil.so.18.0.1
00cba000-00ce0000 r-xp 00000000 08:04 281964     /usr/lib/jvm/java-6-openjdk/jre/lib/i386/libjava.so
00ce0000-00ce1000 r--p 00025000 08:04 281964     /usr/lib/jvm/java-6-openjdk/jre/lib/i386/libjava.so
00ce1000-00ce3000 rw-p 00026000 08:04 281964     /usr/lib/jvm/java-6-openjdk/jre/lib/i386/libjava.so
00ce3000-00dda000 r-xp 00000000 08:04 1573823    /lib/i386-linux-gnu/libglib-2.0.so.0.3000.0
00dda000-00ddb000 r--p 000f6000 08:04 1573823    /lib/i386-linux-gnu/libglib-2.0.so.0.3000.0
00ddb000-00ddc000 rw-p 000f7000 08:04 1573823    /lib/i386-linux-gnu/libglib-2.0.so.0.3000.0
00ddc000-00de7000 r-xp 00000000 08:04 265210     /usr/lib/libgstapp-0.10.so.0.24.0
00de7000-00de8000 r--p 0000a000 08:04 265210     /usr/lib/libgstapp-0.10.so.0.24.0
00de8000-00de9000 rw-p 0000b000 08:04 265210     /usr/lib/libgstapp-0.10.so.0.24.0
00de9000-00ded000 r-xp 00000000 08:04 1573877    /lib/i386-linux-gnu/libuuid.so.1.3.0
00ded000-00dee000 r--p 00003000 08:04 1573877    /lib/i386-linux-gnu/libuuid.so.1.3.0
00dee000-00def000 rw-p 00004000 08:04 1573877    /lib/i386-linux-gnu/libuuid.so.1.3.0
00df0000-00df4000 r-xp 00000000 08:04 281952     /usr/lib/jvm/java-6-openjdk/jre/lib/i386/jli/libjli.so
00df4000-00df5000 r--p 00003000 08:04 281952     /usr/lib/jvm/java-6-openjdk/jre/lib/i386/jli/libjli.so
00df5000-00df6000 rw-p 00004000 08:04 281952     /usr/lib/jvm/java-6-openjdk/jre/lib/i386/jli/libjli.so
00df6000-00e23000 r-xp 00000000 08:04 267231     /usr/lib/gtk-2.0/2.10.0/engines/libmurrine.so
00e23000-00e24000 r--p 0002c000 08:04 267231     /usr/lib/gtk-2.0/2.10.0/engines/libmurrine.so
00e24000-00e25000 rw-p 0002d000 08:04 267231     /usr/lib/gtk-2.0/2.10.0/engines/libmurrine.so
00e25000-00e34000 r-xp 00000000 08:04 265230     /usr/lib/libgstinterfaces-0.10.so.0.24.0
00e34000-00e35000 ---p 0000f000 08:04 265230     /usr/lib/libgstinterfaces-0.10.so.0.24.0
00e35000-00e36000 r--p 0000f000 08:04 265230     /usr/lib/libgstinterfaces-0.10.so.0.24.0
00e36000-00e37000 rw-p 00010000 08:04 265230     /usr/lib/libgstinterfaces-0.10.so.0.24.0
00e39000-00e50000 r-xp 00000000 08:04 1573928    /lib/i386-linux-gnu/libpthread-2.13.so
00e50000-00e51000 r--p 00016000 08:04 1573928    /lib/i386-linux-gnu/libpthread-2.13.so
00e51000-00e52000 rw-p 00017000 08:04 1573928    /lib/i386-linux-gnu/libpthread-2.13.so
00e52000-00e54000 rw-p 00000000 00:00 0 
00e55000-00e56000 r-xp 00000000 00:00 0          [vdso]
00e56000-01369000 r-xp 00000000 08:04 281947     /usr/lib/jvm/java-6-openjdk/jre/lib/i386/client/libjvm.so
01369000-01380000 r--p 00512000 08:04 281947     /usr/lib/jvm/java-6-openjdk/jre/lib/i386/client/libjvm.so
01380000-0138d000 rw-p 00529000 08:04 281947     /usr/lib/jvm/java-6-openjdk/jre/lib/i386/client/libjvm.so
0138d000-017a5000 rw-p 00000000 00:00 0 
017a5000-02bd2000 r-xp 00000000 08:04 262554     /usr/lib/libwebkitgtk-1.0.so.0.7.3
02bd2000-02c9f000 r--p 0142c000 08:04 262554     /usr/lib/libwebkitgtk-1.0.so.0.7.3
02c9f000-02cb6000 rw-p 014f9000 08:04 262554     /usr/lib/libwebkitgtk-1.0.so.0.7.3
02cb6000-02ccc000 rw-p 00000000 00:00 0 
02ccc000-02d24000 r-xp 00000000 08:04 267405     /usr/lib/i386-linux-gnu/libXt.so.6.0.0
02d24000-02d25000 r--p 00057000 08:04 267405     /usr/lib/i386-linux-gnu/libXt.so.6.0.0
02d25000-02d28000 rw-p 00058000 08:04 267405     /usr/lib/i386-linux-gnu/libXt.so.6.0.0
02d28000-02d3e000 r-xp 00000000 08:04 267336     /usr/lib/i386-linux-gnu/libICE.so.6.3.0
02d3e000-02d3f000 r--p 00015000 08:04 267336     /usr/lib/i386-linux-gnu/libICE.so.6.3.0
02d3f000-02d40000 rw-p 00016000 08:04 267336     /usr/lib/i386-linux-gnu/libICE.so.6.3.0
02d40000-02d42000 rw-p 00000000 00:00 0 
02d42000-02d4b000 r-xp 00000000 08:04 266411     /usr/lib/enchant/libenchant_hspell.so
02d4b000-02d4c000 r--p 00008000 08:04 266411     /usr/lib/enchant/libenchant_hspell.so
02d4c000-02d4e000 rw-p 00009000 08:04 266411     /usr/lib/enchant/libenchant_hspell.so
02d4e000-02d52000 r-xp 00000000 08:04 266413     /usr/lib/enchant/libenchant_myspell.so
02d52000-02d53000 r--p 00003000 08:04 266413     /usr/lib/enchant/libenchant_myspell.so
02d53000-02d54000 rw-p 00004000 08:04 266413     /usr/lib/enchant/libenchant_myspell.so
02d54000-02df0000 r-xp 00000000 08:04 264964     /usr/lib/libaspell.so.15.1.4
02df0000-02df3000 r--p 0009c000 08:04 264964     /usr/lib/libaspell.so.15.1.4
02df3000-02df4000 rw-p 0009f000 08:04 264964     /usr/lib/libaspell.so.15.1.4
02df4000-02df8000 rw-p 00000000 00:00 0 
02df8000-02dfc000 rwxp 00000000 00:00 0 
02dfc000-02dfe000 r-xp 00000000 08:04 1572931    /lib/libnss_mdns4_minimal.so.2
02dfe000-02dff000 r--p 00001000 08:04 1572931    /lib/libnss_mdns4_minimal.so.2
02dff000-02e00000 rw-p 00002000 08:04 1572931    /lib/libnss_mdns4_minimal.so.2
02e00000-02e82000 r-xp 00000000 08:04 1582838    /lib/i386-linux-gnu/libgcrypt.so.11.7.0
02e82000-02e83000 r--p 00081000 08:04 1582838    /lib/i386-linux-gnu/libgcrypt.so.11.7.0
02e83000-02e85000 rw-p 00082000 08:04 1582838    /lib/i386-linux-gnu/libgcrypt.so.11.7.0
02e85000-02e8e000 r-xp 00000000 08:04 940222     /home/gunaprsd/.swt/lib/linux/x86/libswt-atk-gtk-3740.so
02e8e000-02e8f000 rw-p 00009000 08:04 940222     /home/gunaprsd/.swt/lib/linux/x86/libswt-atk-gtk-3740.so
02e9b000-02ea0000 r-xp 00000000 08:04 268091     /usr/lib/i386-linux-gnu/pango/1.6.0/modules/pango-indic-fc.so
02ea0000-02ea1000 r--p 00005000 08:04 268091     /usr/lib/i386-linux-gnu/pango/1.6.0/modules/pango-indic-fc.so
02ea1000-02ea2000 rw-p 00006000 08:04 268091     /usr/lib/i386-linux-gnu/pango/1.6.0/modules/pango-indic-fc.so
02ec2000-02ec6000 rwxp 00000000 00:00 0 
02ee8000-02f22000 r-xp 00000000 08:04 265688     /usr/lib/libxslt.so.1.1.26
02f22000-02f23000 r--p 00039000 08:04 265688     /usr/lib/libxslt.so.1.1.26
02f23000-02f24000 rw-p 0003a000 08:04 265688     /usr/lib/libxslt.so.1.1.26
03106000-031e7000 r-xp 00000000 08:04 265240     /usr/lib/libgstreamer-0.10.so.0.29.0
031e7000-031ea000 r--p 000e0000 08:04 265240     /usr/lib/libgstreamer-0.10.so.0.29.0
031ea000-031eb000 rw-p 000e3000 08:04 265240     /usr/lib/libgstreamer-0.10.so.0.29.0
031eb000-031ec000 rw-p 00000000 00:00 0 
0351f000-035bd000 r-xp 00000000 08:04 267639     /usr/lib/i386-linux-gnu/libsqlite3.so.0.8.6
035bd000-035be000 ---p 0009e000 08:04 267639     /usr/lib/i386-linux-gnu/libsqlite3.so.0.8.6
035be000-035bf000 r--p 0009e000 08:04 267639     /usr/lib/i386-linux-gnu/libsqlite3.so.0.8.6
035bf000-035c0000 rw-p 0009f000 08:04 267639     /usr/lib/i386-linux-gnu/libsqlite3.so.0.8.6
035c0000-035c1000 rw-p 00000000 00:00 0 
04292000-042d1000 r-xp 00000000 08:04 265308     /usr/lib/libibus-1.0.so.0.0.0
042d1000-042d2000 r--p 0003f000 08:04 265308     /usr/lib/libibus-1.0.so.0.0.0
042d2000-042d3000 rw-p 00040000 08:04 265308     /usr/lib/libibus-1.0.so.0.0.0
04610000-047cc000 r-xp 00000000 08:04 264263     /usr/lib/libicui18n.so.44.2
047cc000-047d2000 r--p 001bb000 08:04 264263     /usr/lib/libicui18n.so.44.2
047d2000-047d3000 rw-p 001c1000 08:04 264263     /usr/lib/libicui18n.so.44.2
047d3000-047d4000 rw-p 00000000 00:00 0 
04814000-0495b000 r-xp 00000000 08:04 262178     /usr/lib/libxml2.so.2.7.8
0495b000-0495f000 r--p 00147000 08:04 262178     /usr/lib/libxml2.so.2.7.8
0495f000-04960000 rw-p 0014b000 08:04 262178     /usr/lib/libxml2.so.2.7.8
04960000-04961000 rw-p 00000000 00:00 0 
04c10000-04c67000 r-xp 00000000 08:04 265214     /usr/lib/libgstbase-0.10.so.0.29.0
04c67000-04c68000 r--p 00056000 08:04 265214     /usr/lib/libgstbase-0.10.so.0.29.0
04c68000-04c69000 rw-p 00057000 08:04 265214     /usr/lib/libgstbase-0.10.so.0.29.0
05104000-05182000 r-xp 00000000 08:04 267601     /usr/lib/i386-linux-gnu/libpixman-1.so.0.22.2
05182000-05186000 r--p 0007d000 08:04 267601     /usr/lib/i386-linux-gnu/libpixman-1.so.0.22.2
05186000-05187000 rw-p 00081000 08:04 267601     /usr/lib/i386-linux-gnu/libpixman-1.so.0.22.2
05382000-05392000 r-xp 00000000 08:04 1572887    /lib/i386-linux-gnu/libudev.so.0.12.0
05392000-05393000 r--p 0000f000 08:04 1572887    /lib/i386-linux-gnu/libudev.so.0.12.0
05393000-05394000 rw-p 00010000 08:04 1572887    /lib/i386-linux-gnu/libudev.so.0.12.0
05640000-05644000 rwxp 00000000 00:00 0 
05727000-0576e000 r-xp 00000000 08:04 1573808    /lib/i386-linux-gnu/libdbus-1.so.3.5.7
0576e000-0576f000 r--p 00046000 08:04 1573808    /lib/i386-linux-gnu/libdbus-1.so.3.5.7
0576f000-05770000 rw-p 00047000 08:04 1573808    /lib/i386-linux-gnu/libdbus-1.so.3.5.7
05817000-05868000 r-xp 00000000 08:04 265304     /usr/lib/libhunspell-1.2.so.0.0.0
05868000-05869000 r--p 00050000 08:04 265304     /usr/lib/libhunspell-1.2.so.0.0.0
05869000-0586d000 rw-p 00051000 08:04 265304     /usr/lib/libhunspell-1.2.so.0.0.0
05bfb000-0605c000 r-xp 00000000 08:04 267519     /usr/lib/i386-linux-gnu/libgtk-x11-2.0.so.0.2400.6
0605c000-06060000 r--p 00461000 08:04 267519     /usr/lib/i386-linux-gnu/libgtk-x11-2.0.so.0.2400.6
06060000-06062000 rw-p 00465000 08:04 267519     /usr/lib/i386-linux-gnu/libgtk-x11-2.0.so.0.2400.6
06062000-06064000 rw-p 00000000 00:00 0 
0619b000-061ab000 r-xp 00000000 08:04 264183     /usr/lib/i386-linux-gnu/libtasn1.so.3.1.11
061ab000-061ac000 r--p 0000f000 08:04 264183     /usr/lib/i386-linux-gnu/libtasn1.so.3.1.11
061ac000-061ad000 rw-p 00010000 08:04 264183     /usr/lib/i386-linux-gnu/libtasn1.so.3.1.11
062d3000-062e3000 r-xp 00000000 08:04 268001     /usr/lib/i386-linux-gnu/gio/modules/libgiognutls.so
062e3000-062e4000 r--p 0000f000 08:04 268001     /usr/lib/i386-linux-gnu/gio/modules/libgiognutls.so
062e4000-062e5000 rw-p 00010000 08:04 268001     /usr/lib/i386-linux-gnu/gio/modules/libgiognutls.so
06459000-06464000 r-xp 00000000 08:04 265252     /usr/lib/libgstvideo-0.10.so.0.24.0
06464000-06465000 r--p 0000a000 08:04 265252     /usr/lib/libgstvideo-0.10.so.0.24.0
06465000-06466000 rw-p 0000b000 08:04 265252     /usr/lib/libgstvideo-0.10.so.0.24.0
0662e000-06643000 r-xp 00000000 08:04 262628     /usr/lib/gvfs/libgvfscommon.so
06643000-06644000 r--p 00015000 08:04 262628     /usr/lib/gvfs/libgvfscommon.so
06644000-06645000 rw-p 00016000 08:04 262628     /usr/lib/gvfs/libgvfscommon.so
06734000-0673b000 r-xp 00000000 08:04 267375     /usr/lib/i386-linux-gnu/libSM.so.6.0.1
0673b000-0673c000 r--p 00006000 08:04 267375     /usr/lib/i386-linux-gnu/libSM.so.6.0.1
0673c000-0673d000 rw-p 00007000 08:04 267375     /usr/lib/i386-linux-gnu/libSM.so.6.0.1
067c8000-067cb000 r-xp 00000000 08:04 1573825    /lib/i386-linux-gnu/libgpg-error.so.0.8.0
067cb000-067cc000 r--p 00002000 08:04 1573825    /lib/i386-linux-gnu/libgpg-error.so.0.8.0
067cc000-067cd000 rw-p 00003000 08:04 1573825    /lib/i386-linux-gnu/libgpg-error.so.0.8.0
06cbe000-06cc9000 r-xp 00000000 08:04 266412     /usr/lib/enchant/libenchant_ispell.so
06cc9000-06cca000 r--p 0000a000 08:04 266412     /usr/lib/enchant/libenchant_ispell.so
06cca000-06ccb000 rw-p 0000b000 08:04 266412     /usr/lib/enchant/libenchant_ispell.so
06d64000-06e98000 r-xp 00000000 08:04 264269     /usr/lib/libicuuc.so.44.2
06e98000-06ea1000 r--p 00133000 08:04 264269     /usr/lib/libicuuc.so.44.2
06ea1000-06ea2000 rw-p 0013c000 08:04 264269     /usr/lib/libicuuc.so.44.2
06ea2000-06ea6000 rw-p 00000000 00:00 0 
07984000-079e3000 r-xp 00000000 08:04 265562     /usr/lib/libsoup-2.4.so.1.4.0
079e3000-079e4000 r--p 0005f000 08:04 265562     /usr/lib/libsoup-2.4.so.1.4.0
079e4000-079e5000 rw-p 00060000 08:04 265562     /usr/lib/libsoup-2.4.so.1.4.0
07d39000-07d5b000 r-xp 00000000 08:04 267534     /usr/lib/i386-linux-gnu/libjpeg.so.62.0.0
07d5b000-07d5c000 r--p 00022000 08:04 267534     /usr/lib/i386-linux-gnu/libjpeg.so.62.0.0
07d5c000-07d5d000 rw-p 00023000 08:04 267534     /usr/lib/i386-linux-gnu/libjpeg.so.62.0.0
08048000-08051000 r-xp 00000000 08:04 282013     /usr/lib/jvm/java-6-openjdk/jre/bin/java
08051000-08052000 r--p 00008000 08:04 282013     /usr/lib/jvm/java-6-openjdk/jre/bin/java
08052000-08053000 rw-p 00009000 08:04 282013     /usr/lib/jvm/java-6-openjdk/jre/bin/java
08080000-0809e000 r-xp 00000000 08:04 265236     /usr/lib/libgstpbutils-0.10.so.0.24.0
0809e000-0809f000 r--p 0001e000 08:04 265236     /usr/lib/libgstpbutils-0.10.so.0.24.0
0809f000-080a0000 rw-p 0001f000 08:04 265236     /usr/lib/libgstpbutils-0.10.so.0.24.0
0830c000-08311000 r-xp 00000000 08:04 940242     /home/gunaprsd/.swt/lib/linux/x86/libswt-xpcominit-gtk-3740.so
08311000-08313000 rw-p 00005000 08:04 940242     /home/gunaprsd/.swt/lib/linux/x86/libswt-xpcominit-gtk-3740.so
08461000-08466000 r-xp 00000000 08:04 1573022    /lib/i386-linux-gnu/libnss_dns-2.13.so
08466000-08467000 r--p 00004000 08:04 1573022    /lib/i386-linux-gnu/libnss_dns-2.13.so
08467000-08468000 rw-p 00005000 08:04 1573022    /lib/i386-linux-gnu/libnss_dns-2.13.so
086cd000-08777000 r-xp 00000000 08:04 264187     /usr/lib/i386-linux-gnu/libgnutls.so.26.16.14
08777000-08778000 ---p 000aa000 08:04 264187     /usr/lib/i386-linux-gnu/libgnutls.so.26.16.14
08778000-0877c000 r--p 000aa000 08:04 264187     /usr/lib/i386-linux-gnu/libgnutls.so.26.16.14
0877c000-0877d000 rw-p 000ae000 08:04 264187     /usr/lib/i386-linux-gnu/libgnutls.so.26.16.14
08986000-0898b000 r-xp 00000000 08:04 268015     /usr/lib/i386-linux-gnu/gtk-2.0/2.10.0/immodules/im-ibus.so
0898b000-0898c000 ---p 00005000 08:04 268015     /usr/lib/i386-linux-gnu/gtk-2.0/2.10.0/immodules/im-ibus.so
0898c000-0898d000 r--p 00005000 08:04 268015     /usr/lib/i386-linux-gnu/gtk-2.0/2.10.0/immodules/im-ibus.so
0898d000-0898e000 rw-p 00006000 08:04 268015     /usr/lib/i386-linux-gnu/gtk-2.0/2.10.0/immodules/im-ibus.so
08a10000-08a3a000 r-xp 00000000 08:04 262632     /usr/lib/gio/modules/libgvfsdbus.so
08a3a000-08a3b000 r--p 00029000 08:04 262632     /usr/lib/gio/modules/libgvfsdbus.so
08a3b000-08a3c000 rw-p 0002a000 08:04 262632     /usr/lib/gio/modules/libgvfsdbus.so
08c2a000-090d0000 rw-p 00000000 00:00 0          [heap]
6f820000-6fd70000 rw-p 00000000 00:00 0 
6fd70000-7a2c0000 rw-p 00000000 00:00 0 
7a2c0000-7ad70000 rw-p 00000000 00:00 0 
7ad70000-8f820000 rw-p 00000000 00:00 0 
8f820000-90420000 rw-p 00000000 00:00 0 
90420000-93820000 rw-p 00000000 00:00 0 
93820000-93f81000 r--s 00001000 08:04 283077     /usr/lib/jvm/java-6-openjdk/jre/lib/i386/client/classes.jsa
93f81000-94220000 rw-p 00000000 00:00 0 
94220000-9496a000 rw-p 00762000 08:04 283077     /usr/lib/jvm/java-6-openjdk/jre/lib/i386/client/classes.jsa
9496a000-94e20000 rw-p 00000000 00:00 0 
94e20000-94f1c000 rw-p 00eac000 08:04 283077     /usr/lib/jvm/java-6-openjdk/jre/lib/i386/client/classes.jsa
94f1c000-95220000 rw-p 00000000 00:00 0 
95220000-95228000 r-xs 00fa8000 08:04 283077     /usr/lib/jvm/java-6-openjdk/jre/lib/i386/client/classes.jsa
95228000-95620000 rw-p 00000000 00:00 0 
b13c6000-b13db000 rw-p 00000000 00:00 0 
b13db000-b14db000 rw-p 00000000 00:00 0 
b14e9000-b14f0000 rw-p 00000000 00:00 0 
b1505000-b175c000 rw-p 00000000 00:00 0 
b1771000-b17c3000 r--p 00000000 08:04 920592     /usr/share/fonts/truetype/ttf-indic-fonts-core/Meera_04.ttf
b17c3000-b17f3000 r--p 00000000 08:04 920595     /usr/share/fonts/truetype/ttf-indic-fonts-core/Pothana2000.ttf
b17f6000-b17fd000 rw-p 00000000 00:00 0 
b1804000-b180b000 r--p 00000000 08:04 920626     /usr/share/fonts/truetype/ttf-punjabi-fonts/lohit_pa.ttf
b180e000-b181f000 r--p 00000000 08:04 920603     /usr/share/fonts/truetype/ttf-indic-fonts-core/lohit_ta.ttf
b184d000-b18e3000 r--p 00000000 08:04 927798     /usr/share/fonts/truetype/ttf-dejavu/DejaVuSans-Oblique.ttf
b1988000-b1a38000 r--p 00000000 08:04 920583     /usr/share/fonts/truetype/ttf-dejavu/DejaVuSans.ttf
b1a38000-b1a3f000 rw-p 00000000 00:00 0 
b1a46000-b1a4d000 rw-p 00000000 00:00 0 
b1a5b000-b1a62000 rw-p 00000000 00:00 0 
b1a62000-b1c62000 rw-p 00000000 00:00 0 
b1c69000-b1d69000 rw-p 00000000 00:00 0 
b1d69000-b1d6a000 ---p 00000000 00:00 0 
b1d6a000-b256a000 rw-p 00000000 00:00 0 
b2570000-b2571000 rw-p 00000000 00:00 0 
b2586000-b29a4000 rw-p 00000000 00:00 0 
b2b04000-b2b07000 ---p 00000000 00:00 0 
b2b07000-b2b55000 rw-p 00000000 00:00 0 
b2b55000-b2ba7000 r--p 00000000 08:04 920627     /usr/share/fonts/truetype/ubuntu-font-family/Ubuntu-B.ttf
b2ba7000-b2c07000 rw-s 00000000 00:04 35553295   /SYSV00000000 (deleted)
b2c07000-b2c5e000 r--p 00000000 08:04 920632     /usr/share/fonts/truetype/ubuntu-font-family/Ubuntu-R.ttf
b2c5e000-b2c5f000 ---p 00000000 00:00 0 
b2c5f000-b3587000 rw-p 00000000 00:00 0 
b3587000-b3588000 ---p 00000000 00:00 0 
b3588000-b3d88000 rw-p 00000000 00:00 0 
b3d88000-b4bc8000 r--p 00000000 08:04 264267     /usr/lib/libicudata.so.44.2
b4bc8000-b4bc9000 rw-p 00e3f000 08:04 264267     /usr/lib/libicudata.so.44.2
b4bce000-b4bdc000 rw-p 00000000 00:00 0 
b4bdc000-b4be2000 r--s 00041000 08:04 940519     /home/gunaprsd/Downloads/htmlparser-1.6.jar
b4be2000-b4be3000 r--s 00006000 08:04 1071738    /home/gunaprsd/HandyChat/widget.notification/lib/images.jar
b4be3000-b4be6000 r--s 0000c000 08:04 940464     /home/gunaprsd/Downloads/jdic-all.jar
b4be6000-b4be7000 r--s 00003000 08:04 940438     /home/gunaprsd/Downloads/jtoaster-1.0.5.jar
b4be7000-b4c0e000 r--s 00135000 08:04 551976     /usr/share/java/gtk-4.1.jar
b4c0e000-b4c0f000 r--s 00007000 08:04 940071     /home/gunaprsd/Downloads/json.jar
b4c0f000-b4c61000 r--p 00000000 08:04 920585     /usr/share/fonts/truetype/ttf-dejavu/DejaVuSansMono.ttf
b4c88000-b4c96000 rw-p 00000000 00:00 0 
b4c9d000-b4ca4000 rw-p 00000000 00:00 0 
b4ca4000-b4cb8000 r--p 00000000 08:04 920602     /usr/share/fonts/truetype/ttf-indic-fonts-core/lohit_hi.ttf
b4cb8000-b4cb9000 r--s 00000000 08:04 1059767    /var/cache/fontconfig/c05880de57d1f5e948fdfacc138775d9-le32d4.cache-3
b4cb9000-b4cbf000 r--s 00000000 08:04 1059764    /var/cache/fontconfig/945677eb7aeaf62f1d50efc3fb3ec7d8-le32d4.cache-3
b4cbf000-b4cc1000 r--s 00000000 08:04 1059765    /var/cache/fontconfig/99e8ed0e538f840c565b6ed5dad60d56-le32d4.cache-3
b4cc1000-b4cc6000 r--s 00000000 08:04 1057094    /var/cache/fontconfig/e25ca923d7a08ab6b0777bd7eb77ea77-le32d4.cache-3
b4cc6000-b4cc9000 r--s 00000000 08:04 1059775    /var/cache/fontconfig/e383d7ea5fbe662a33d9b44caf393297-le32d4.cache-3
b4cc9000-b4ccc000 r--s 00000000 08:04 1059752    /var/cache/fontconfig/2cd17615ca594fa2959ae173292e504c-le32d4.cache-3
b4ccc000-b4ccd000 r--s 00000000 08:04 1059776    /var/cache/fontconfig/e7071f4a29fa870f4323321c154eba04-le32d4.cache-3
b4ccd000-b4cd1000 r--s 00000000 08:04 1059761    /var/cache/fontconfig/6eb3985aa4124903f6ff08ba781cd364-le32d4.cache-3
b4cd1000-b4cd2000 r--s 00000000 08:04 1059756    /var/cache/fontconfig/4c73fe0c47614734b17d736dbde7580a-le32d4.cache-3
b4cd2000-b4cd3000 r--s 00000000 08:04 1059749    /var/cache/fontconfig/0d8c3b2ac0904cb8a57a757ad11a4a08-le32d4.cache-3
b4cd3000-b4cd4000 r--s 00000000 08:04 1059759    /var/cache/fontconfig/6a53c69dea097a2d716e069445527da8-le32d4.cache-3
b4cd4000-b4cd8000 r--s 00000000 08:04 1059766    /var/cache/fontconfig/a755afe4a08bf5b97852ceb7400b47bc-le32d4.cache-3
b4cd8000-b4cdf000 r--s 00000000 08:04 1053613    /var/cache/fontconfig/6d41288fd70b0be22e8c3a91e032eec0-le32d4.cache-3
b4cdf000-b4cea000 r--s 00000000 08:04 1059750    /var/cache/fontconfig/0f34bcd4b6ee430af32735b75db7f02b-le32d4.cache-3
b4cea000-b4ced000 r--s 00000000 08:04 1059772    /var/cache/fontconfig/d60319d88cac85ba9e1a07bd06cfbb8c-le32d4.cache-3
b4ced000-b4cee000 r--s 00000000 08:04 1052506    /var/cache/fontconfig/4794a0821666d79190d59a36cb4f44b5-le32d4.cache-3
b4cee000-b4cfb000 r--s 00000000 08:04 1059771    /var/cache/fontconfig/d52a8644073d54c13679302ca1180695-le32d4.cache-3
b4cfb000-b4cfd000 r--s 00000000 08:04 1051000    /var/cache/fontconfig/e13b20fdb08344e0e664864cc2ede53d-le32d4.cache-3
b4cfd000-b4d00000 r--s 00000000 08:04 1057013    /var/cache/fontconfig/7ef2298fde41cc6eeb7af42e48b7d293-le32d4.cache-3
b4d00000-b4d91000 rw-p 00000000 00:00 0 
b4d91000-b4e00000 ---p 00000000 00:00 0 
b4e01000-b4e02000 rw-p 00000000 00:00 0 
b4e02000-b4e03000 rw-p 00000000 00:00 0 
b4e03000-b4e0b000 rw-p 00000000 00:00 0 
b4e0b000-b4e20000 r--s 00164000 08:04 1459273    /home/gunaprsd/HandyChat/org.eclipse.swt/swt.jar
b4e20000-b4e28000 r--s 00066000 08:04 546445     /usr/share/java/gnome-java-bridge.jar
b4e28000-b4e29000 ---p 00000000 00:00 0 
b4e29000-b4ea9000 rw-p 00000000 00:00 0 
b4ea9000-b4eac000 ---p 00000000 00:00 0 
b4eac000-b4efa000 rw-p 00000000 00:00 0 
b4efa000-b4efd000 ---p 00000000 00:00 0 
b4efd000-b4f7b000 rw-p 00000000 00:00 0 
b4f7b000-b4f7e000 ---p 00000000 00:00 0 
b4f7e000-b4fcc000 rw-p 00000000 00:00 0 
b4fcc000-b4fcd000 r--p 00859000 08:04 270192     /usr/lib/locale/locale-archive
b4fcd000-b500d000 r--p 002bd000 08:04 270192     /usr/lib/locale/locale-archive
b500d000-b520d000 r--p 00000000 08:04 270192     /usr/lib/locale/locale-archive
b520d000-b5210000 ---p 00000000 00:00 0 
b5210000-b525e000 rw-p 00000000 00:00 0 
b525e000-b5261000 ---p 00000000 00:00 0 
b5261000-b52af000 rw-p 00000000 00:00 0 
b52af000-b52b0000 ---p 00000000 00:00 0 
b52b0000-b5363000 rw-p 00000000 00:00 0 
b5363000-b54f3000 r--s 037ba000 08:04 281944     /usr/lib/jvm/java-6-openjdk/jre/lib/rt.jar
b54f3000-b5501000 rw-p 00000000 00:00 0 
b5501000-b551b000 rw-p 00000000 00:00 0 
b551b000-b5521000 rw-p 00000000 00:00 0 
b5521000-b55c6000 rw-p 00000000 00:00 0 
b55c6000-b55c9000 rw-p 00000000 00:00 0 
b55c9000-b561b000 rw-p 00000000 00:00 0 
b561b000-b5621000 rw-p 00000000 00:00 0 
b5621000-b56c6000 rw-p 00000000 00:00 0 
b56c6000-b56cc000 rw-p 00000000 00:00 0 
b56cc000-b56e6000 rw-p 00000000 00:00 0 
b56e6000-b56f5000 rw-p 00000000 00:00 0 
b56f5000-b5772000 rw-p 00000000 00:00 0 
b5772000-b5812000 rwxp 00000000 00:00 0 
b5812000-b7772000 rw-p 00000000 00:00 0 
b7772000-b7775000 ---p 00000000 00:00 0 
b7775000-b77c6000 rw-p 00000000 00:00 0 
b77c6000-b77c7000 rw-p 00000000 00:00 0 
b77c7000-b77c9000 r--s 0000f000 08:04 266304     /usr/lib/jvm/java-6-openjdk/jre/lib/ext/pulse-java.jar
b77c9000-b77cf000 rw-p 00000000 00:00 0 
b77cf000-b77d7000 rw-s 00000000 08:04 940527     /tmp/hsperfdata_gunaprsd/13425 (deleted)
b77d7000-b77d8000 rw-p 00000000 00:00 0 
b77d8000-b77d9000 ---p 00000000 00:00 0 
b77d9000-b77db000 rw-p 00000000 00:00 0 
bfded000-bfe0e000 rw-p 00000000 00:00 0          [stack]

VM Arguments:
jvm_args: -Djava.library.path=/home/gunaprsd/HandyChat/org.eclipse.swt -Dfile.encoding=UTF-8 
java_command: OAuthSessionDemo display=DISPLAY
Launcher Type: SUN_STANDARD

Environment Variables:
PATH=/usr/lib/lightdm/lightdm:/usr/local/sbin:/usr/local/bin:/usr/sbin:/usr/bin:/sbin:/bin:/usr/games
USERNAME=gunaprsd
LD_LIBRARY_PATH=/usr/lib/jvm/java-6-openjdk/jre/lib/i386/client:/usr/lib/jvm/java-6-openjdk/jre/lib/i386:/usr/lib/jvm/java-6-openjdk/jre/../lib/i386:/usr/lib/jvm/java-6-openjdk/jre/lib/i386/client:/usr/lib/jvm/java-6-openjdk/jre/lib/i386:
SHELL=/bin/bash
DISPLAY=:0

Signal Handlers:
SIGSEGV: [libjvm.so+0x3e3640], sa_mask[0]=0x7ffbfeff, sa_flags=0x10000004
SIGBUS: [libjvm.so+0x3e3640], sa_mask[0]=0x7ffbfeff, sa_flags=0x10000004
SIGFPE: [libjvm.so+0x300e10], sa_mask[0]=0x7ffbfeff, sa_flags=0x10000004
SIGPIPE: SIG_IGN, sa_mask[0]=0x00001000, sa_flags=0x10000000
SIGXFSZ: [libjvm.so+0x300e10], sa_mask[0]=0x7ffbfeff, sa_flags=0x10000004
SIGILL: [libjvm.so+0x300e10], sa_mask[0]=0x7ffbfeff, sa_flags=0x10000004
SIGUSR1: SIG_DFL, sa_mask[0]=0x00000000, sa_flags=0x00000000
SIGUSR2: [libjvm.so+0x300ca0], sa_mask[0]=0x00000004, sa_flags=0x10000004
SIGHUP: [libjvm.so+0x303d40], sa_mask[0]=0x7ffbfeff, sa_flags=0x10000004
SIGINT: [libjvm.so+0x303d40], sa_mask[0]=0x7ffbfeff, sa_flags=0x10000004
SIGTERM: [libjvm.so+0x303d40], sa_mask[0]=0x7ffbfeff, sa_flags=0x10000004
SIGQUIT: [libjvm.so+0x303d40], sa_mask[0]=0x7ffbfeff, sa_flags=0x10000004


---------------  S Y S T E M  ---------------

OS:Ubuntu 11.10 (oneiric)
uname:Linux 3.0.0-21-generic #35-Ubuntu SMP Fri May 25 17:58:20 UTC 2012 i686
libc:glibc 2.13 NPTL 2.13 
rlimit: STACK 8192k, CORE 0k, NPROC 13906, NOFILE 4096, AS infinity
load average:1.34 0.96 0.86

/proc/meminfo:
MemTotal:        1793992 kB
MemFree:          578224 kB
Buffers:           93820 kB
Cached:           463892 kB
SwapCached:            0 kB
Active:           875020 kB
Inactive:         258336 kB
Active(anon):     699384 kB
Inactive(anon):    78972 kB
Active(file):     175636 kB
Inactive(file):   179364 kB
Unevictable:          64 kB
Mlocked:              64 kB
HighTotal:        916644 kB
HighFree:         156896 kB
LowTotal:         877348 kB
LowFree:          421328 kB
SwapTotal:             0 kB
SwapFree:              0 kB
Dirty:              1044 kB
Writeback:             0 kB
AnonPages:        575676 kB
Mapped:           118252 kB
Shmem:            202760 kB
Slab:              38456 kB
SReclaimable:      17372 kB
SUnreclaim:        21084 kB
KernelStack:        3296 kB
PageTables:         8832 kB
NFS_Unstable:          0 kB
Bounce:                0 kB
WritebackTmp:          0 kB
CommitLimit:      896996 kB
Committed_AS:    2847236 kB
VmallocTotal:     122880 kB
VmallocUsed:       32788 kB
VmallocChunk:      74000 kB
HardwareCorrupted:     0 kB
AnonHugePages:         0 kB
HugePages_Total:       0
HugePages_Free:        0
HugePages_Rsvd:        0
HugePages_Surp:        0
Hugepagesize:       4096 kB
DirectMap4k:       16376 kB
DirectMap4M:      892928 kB


CPU:total 4 (2 cores per cpu, 2 threads per core) family 6 model 37 stepping 2, cmov, cx8, fxsr, mmx, sse, sse2, sse3, ssse3, sse4.1, sse4.2, popcnt, ht

Memory: 4k page, physical 1793992k(578224k free), swap 0k(0k free)

vm_info: OpenJDK Client VM (20.0-b11) for linux-x86 JRE (1.6.0_23-b23), built on Feb 23 2012 06:34:21 by "buildd" with gcc 4.6.1

time: Sun Jun 24 16:16:52 2012
elapsed time: 39 seconds

